<?xml version="1.0" encoding="UTF-8"?>
<testng-results ignored="0" total="1" passed="1" failed="0" skipped="0">
  <reporter-output>
  </reporter-output>
  <suite started-at="2022-09-03T11:13:52 IST" name="Default suite" finished-at="2022-09-03T11:14:41 IST" duration-ms="49839">
    <groups>
    </groups>
    <test started-at="2022-09-03T11:13:52 IST" name="Default test" finished-at="2022-09-03T11:14:41 IST" duration-ms="49839">
      <class name="test.launchtest">
        <test-method is-config="true" signature="beforeMethod()[pri:0, instance:test.launchtest@121314f7]" started-at="2022-09-03T11:13:52 IST" name="beforeMethod" finished-at="2022-09-03T11:14:39 IST" duration-ms="46688" status="PASS">
          <reporter-output>
          </reporter-output>
        </test-method> <!-- beforeMethod -->
        <test-method signature="f()[pri:0, instance:test.launchtest@121314f7]" started-at="2022-09-03T11:14:39 IST" name="f" finished-at="2022-09-03T11:14:39 IST" duration-ms="29" status="PASS">
          <reporter-output>
          </reporter-output>
        </test-method> <!-- f -->
        <test-method is-config="true" signature="afterMethod()[pri:0, instance:test.launchtest@121314f7]" started-at="2022-09-03T11:14:39 IST" name="afterMethod" finished-at="2022-09-03T11:14:41 IST" duration-ms="2811" status="PASS">
          <reporter-output>
          </reporter-output>
        </test-method> <!-- afterMethod -->
      </class> <!-- test.launchtest -->
    </test> <!-- Default test -->
  </suite> <!-- Default suite -->
</testng-results>
